<?xml version="1.0" encoding="UTF-8"?>
<testsuites name="jest tests" tests="1" failures="0" time="0.807">
  <testsuite name="placeholder test" errors="0" failures="0" skipped="0" timestamp="2021-10-18T15:41:16" time="0.476" tests="1">
    <testcase classname="placeholder test should return true" name="placeholder test should return true" time="0.001">
    </testcase>
  </testsuite>
</testsuites>